<?xml version="1.0" encoding="UTF-8"?>
<testsuite name="SILab2Test" tests="2" skipped="0" failures="0" errors="0" timestamp="2020-06-10T00:47:12" hostname="vasil-ideapad" time="0.037">
  <properties/>
  <testcase name="EveryPathTest()" classname="SILab2Test" time="0.034"/>
  <testcase name="EveryStatementTest()" classname="SILab2Test" time="0.002"/>
  <system-out><![CDATA[]]></system-out>
  <system-err><![CDATA[]]></system-err>
</testsuite>
